[0.055s] DEBUG:colcon:Command line arguments: ['/usr/bin/colcon', 'build']
[0.055s] DEBUG:colcon:Parsed command line arguments: Namespace(log_base=None, log_level=None, verb_name='build', build_base='build', install_base='install', merge_install=False, symlink_install=False, test_result_base=None, continue_on_error=False, executor='parallel', parallel_workers=16, event_handlers=None, ignore_user_meta=False, metas=['./colcon.meta'], base_paths=['.'], packages_ignore=None, packages_ignore_regex=None, paths=None, packages_up_to=None, packages_up_to_regex=None, packages_above=None, packages_above_and_dependencies=None, packages_above_depth=None, packages_select_by_dep=None, packages_skip_by_dep=None, packages_skip_up_to=None, packages_select_build_failed=False, packages_skip_build_finished=False, packages_select_test_failures=False, packages_skip_test_passed=False, packages_select=None, packages_skip=None, packages_select_regex=None, packages_skip_regex=None, packages_start=None, packages_end=None, allow_overriding=[], cmake_args=None, cmake_target=None, cmake_target_skip_unavailable=False, cmake_clean_cache=False, cmake_clean_first=False, cmake_force_configure=False, ament_cmake_args=None, catkin_cmake_args=None, catkin_skip_building_tests=False, mixin_files=None, mixin=None, verb_parser=<colcon_mixin.mixin.mixin_argument.MixinArgumentDecorator object at 0x70e70f736830>, verb_extension=<colcon_core.verb.build.BuildVerb object at 0x70e70f83ed70>, main=<bound method BuildVerb.main of <colcon_core.verb.build.BuildVerb object at 0x70e70f83ed70>>, mixin_verb=('build',))
[0.134s] Level 1:colcon.colcon_core.package_discovery:discover_packages(colcon_meta) check parameters
[0.134s] Level 1:colcon.colcon_core.package_discovery:discover_packages(recursive) check parameters
[0.134s] Level 1:colcon.colcon_core.package_discovery:discover_packages(ignore) check parameters
[0.134s] Level 1:colcon.colcon_core.package_discovery:discover_packages(path) check parameters
[0.134s] Level 1:colcon.colcon_core.package_discovery:discover_packages(colcon_meta) discover
[0.134s] Level 1:colcon.colcon_core.package_discovery:discover_packages(recursive) discover
[0.134s] INFO:colcon.colcon_core.package_discovery:Crawling recursively for packages in '/home/arthur/Projects/TopicosEmRobotica/Exercise 2/moving_turtle'
[0.134s] Level 1:colcon.colcon_core.package_identification:_identify(.) by extensions ['ignore', 'ignore_ament_install']
[0.134s] Level 1:colcon.colcon_core.package_identification:_identify(.) by extension 'ignore'
[0.134s] Level 1:colcon.colcon_core.package_identification:_identify(.) by extension 'ignore_ament_install'
[0.134s] Level 1:colcon.colcon_core.package_identification:_identify(.) by extensions ['colcon_pkg']
[0.134s] Level 1:colcon.colcon_core.package_identification:_identify(.) by extension 'colcon_pkg'
[0.134s] Level 1:colcon.colcon_core.package_identification:_identify(.) by extensions ['colcon_meta']
[0.134s] Level 1:colcon.colcon_core.package_identification:_identify(.) by extension 'colcon_meta'
[0.134s] Level 1:colcon.colcon_core.package_identification:_identify(.) by extensions ['ros']
[0.134s] Level 1:colcon.colcon_core.package_identification:_identify(.) by extension 'ros'
[0.142s] DEBUG:colcon.colcon_core.package_identification:Package '.' with type 'ros.ament_cmake' and name 'moving_turtle'
[0.142s] Level 1:colcon.colcon_core.package_discovery:discover_packages(recursive) using defaults
[0.142s] Level 1:colcon.colcon_core.package_discovery:discover_packages(ignore) discover
[0.142s] Level 1:colcon.colcon_core.package_discovery:discover_packages(ignore) using defaults
[0.142s] Level 1:colcon.colcon_core.package_discovery:discover_packages(path) discover
[0.142s] Level 1:colcon.colcon_core.package_discovery:discover_packages(path) using defaults
[0.153s] Level 1:colcon.colcon_core.package_discovery:discover_packages(prefix_path) check parameters
[0.153s] Level 1:colcon.colcon_core.package_discovery:discover_packages(prefix_path) discover
[0.154s] DEBUG:colcon.colcon_installed_package_information.package_discovery:Found 1 installed packages in /home/arthur/Projects/TopicosEmRobotica/Exercise 2/moving_turtle/install
[0.155s] DEBUG:colcon.colcon_installed_package_information.package_discovery:Found 270 installed packages in /opt/ros/humble
[0.160s] Level 1:colcon.colcon_core.package_discovery:discover_packages(prefix_path) using defaults
[0.178s] Level 5:colcon.colcon_core.verb:set package 'moving_turtle' build argument 'cmake_args' from command line to 'None'
[0.178s] Level 5:colcon.colcon_core.verb:set package 'moving_turtle' build argument 'cmake_target' from command line to 'None'
[0.178s] Level 5:colcon.colcon_core.verb:set package 'moving_turtle' build argument 'cmake_target_skip_unavailable' from command line to 'False'
[0.178s] Level 5:colcon.colcon_core.verb:set package 'moving_turtle' build argument 'cmake_clean_cache' from command line to 'False'
[0.178s] Level 5:colcon.colcon_core.verb:set package 'moving_turtle' build argument 'cmake_clean_first' from command line to 'False'
[0.178s] Level 5:colcon.colcon_core.verb:set package 'moving_turtle' build argument 'cmake_force_configure' from command line to 'False'
[0.178s] Level 5:colcon.colcon_core.verb:set package 'moving_turtle' build argument 'ament_cmake_args' from command line to 'None'
[0.178s] Level 5:colcon.colcon_core.verb:set package 'moving_turtle' build argument 'catkin_cmake_args' from command line to 'None'
[0.178s] Level 5:colcon.colcon_core.verb:set package 'moving_turtle' build argument 'catkin_skip_building_tests' from command line to 'False'
[0.178s] DEBUG:colcon.colcon_core.verb:Building package 'moving_turtle' with the following arguments: {'ament_cmake_args': None, 'build_base': '/home/arthur/Projects/TopicosEmRobotica/Exercise 2/moving_turtle/build/moving_turtle', 'catkin_cmake_args': None, 'catkin_skip_building_tests': False, 'cmake_args': None, 'cmake_clean_cache': False, 'cmake_clean_first': False, 'cmake_force_configure': False, 'cmake_target': None, 'cmake_target_skip_unavailable': False, 'install_base': '/home/arthur/Projects/TopicosEmRobotica/Exercise 2/moving_turtle/install/moving_turtle', 'merge_install': False, 'path': '/home/arthur/Projects/TopicosEmRobotica/Exercise 2/moving_turtle', 'symlink_install': False, 'test_result_base': None}
[0.178s] INFO:colcon.colcon_core.executor:Executing jobs using 'parallel' executor
[0.179s] DEBUG:colcon.colcon_parallel_executor.executor.parallel:run_until_complete
[0.179s] INFO:colcon.colcon_ros.task.ament_cmake.build:Building ROS package in '/home/arthur/Projects/TopicosEmRobotica/Exercise 2/moving_turtle' with build type 'ament_cmake'
[0.179s] INFO:colcon.colcon_cmake.task.cmake.build:Building CMake package in '/home/arthur/Projects/TopicosEmRobotica/Exercise 2/moving_turtle'
[0.180s] INFO:colcon.colcon_core.plugin_system:Skipping extension 'colcon_core.shell.bat': Not used on non-Windows systems
[0.180s] INFO:colcon.colcon_core.shell:Skip shell extension 'powershell' for command environment: Not usable outside of PowerShell
[0.180s] DEBUG:colcon.colcon_core.shell:Skip shell extension 'dsv' for command environment
[0.186s] DEBUG:colcon.colcon_core.event_handler.log_command:Invoking command in '/home/arthur/Projects/TopicosEmRobotica/Exercise 2/moving_turtle/build/moving_turtle': CMAKE_PREFIX_PATH=${CMAKE_PREFIX_PATH}:/opt/ros/humble /usr/bin/cmake --build /home/arthur/Projects/TopicosEmRobotica/Exercise 2/moving_turtle/build/moving_turtle -- -j16 -l16
[2.579s] DEBUG:colcon.colcon_core.event_handler.log_command:Invoked command in '/home/arthur/Projects/TopicosEmRobotica/Exercise 2/moving_turtle/build/moving_turtle' returned '0': CMAKE_PREFIX_PATH=${CMAKE_PREFIX_PATH}:/opt/ros/humble /usr/bin/cmake --build /home/arthur/Projects/TopicosEmRobotica/Exercise 2/moving_turtle/build/moving_turtle -- -j16 -l16
[2.628s] DEBUG:colcon.colcon_core.event_handler.log_command:Invoking command in '/home/arthur/Projects/TopicosEmRobotica/Exercise 2/moving_turtle/build/moving_turtle': CMAKE_PREFIX_PATH=${CMAKE_PREFIX_PATH}:/opt/ros/humble /usr/bin/cmake --install /home/arthur/Projects/TopicosEmRobotica/Exercise 2/moving_turtle/build/moving_turtle
[2.640s] Level 1:colcon.colcon_core.environment:create_environment_scripts_only(moving_turtle)
[2.640s] DEBUG:colcon.colcon_core.event_handler.log_command:Invoked command in '/home/arthur/Projects/TopicosEmRobotica/Exercise 2/moving_turtle/build/moving_turtle' returned '0': CMAKE_PREFIX_PATH=${CMAKE_PREFIX_PATH}:/opt/ros/humble /usr/bin/cmake --install /home/arthur/Projects/TopicosEmRobotica/Exercise 2/moving_turtle/build/moving_turtle
[2.643s] Level 1:colcon.colcon_core.environment:checking '/home/arthur/Projects/TopicosEmRobotica/Exercise 2/moving_turtle/install/moving_turtle' for CMake module files
[2.643s] Level 1:colcon.colcon_core.environment:checking '/home/arthur/Projects/TopicosEmRobotica/Exercise 2/moving_turtle/install/moving_turtle' for CMake config files
[2.644s] Level 1:colcon.colcon_core.shell:create_environment_hook('moving_turtle', 'cmake_prefix_path')
[2.644s] INFO:colcon.colcon_core.shell:Creating environment hook '/home/arthur/Projects/TopicosEmRobotica/Exercise 2/moving_turtle/install/moving_turtle/share/moving_turtle/hook/cmake_prefix_path.ps1'
[2.645s] INFO:colcon.colcon_core.shell:Creating environment descriptor '/home/arthur/Projects/TopicosEmRobotica/Exercise 2/moving_turtle/install/moving_turtle/share/moving_turtle/hook/cmake_prefix_path.dsv'
[2.645s] INFO:colcon.colcon_core.shell:Creating environment hook '/home/arthur/Projects/TopicosEmRobotica/Exercise 2/moving_turtle/install/moving_turtle/share/moving_turtle/hook/cmake_prefix_path.sh'
[2.646s] Level 1:colcon.colcon_core.environment:checking '/home/arthur/Projects/TopicosEmRobotica/Exercise 2/moving_turtle/install/moving_turtle/lib'
[2.646s] Level 1:colcon.colcon_core.environment:checking '/home/arthur/Projects/TopicosEmRobotica/Exercise 2/moving_turtle/install/moving_turtle/bin'
[2.646s] Level 1:colcon.colcon_core.environment:checking '/home/arthur/Projects/TopicosEmRobotica/Exercise 2/moving_turtle/install/moving_turtle/lib/pkgconfig/moving_turtle.pc'
[2.647s] Level 1:colcon.colcon_core.environment:checking '/home/arthur/Projects/TopicosEmRobotica/Exercise 2/moving_turtle/install/moving_turtle/lib/python3.10/site-packages'
[2.647s] Level 1:colcon.colcon_core.environment:checking '/home/arthur/Projects/TopicosEmRobotica/Exercise 2/moving_turtle/install/moving_turtle/bin'
[2.647s] INFO:colcon.colcon_core.shell:Creating package script '/home/arthur/Projects/TopicosEmRobotica/Exercise 2/moving_turtle/install/moving_turtle/share/moving_turtle/package.ps1'
[2.648s] INFO:colcon.colcon_core.shell:Creating package descriptor '/home/arthur/Projects/TopicosEmRobotica/Exercise 2/moving_turtle/install/moving_turtle/share/moving_turtle/package.dsv'
[2.648s] INFO:colcon.colcon_core.shell:Creating package script '/home/arthur/Projects/TopicosEmRobotica/Exercise 2/moving_turtle/install/moving_turtle/share/moving_turtle/package.sh'
[2.649s] INFO:colcon.colcon_core.shell:Creating package script '/home/arthur/Projects/TopicosEmRobotica/Exercise 2/moving_turtle/install/moving_turtle/share/moving_turtle/package.bash'
[2.649s] INFO:colcon.colcon_core.shell:Creating package script '/home/arthur/Projects/TopicosEmRobotica/Exercise 2/moving_turtle/install/moving_turtle/share/moving_turtle/package.zsh'
[2.650s] Level 1:colcon.colcon_core.environment:create_file_with_runtime_dependencies(/home/arthur/Projects/TopicosEmRobotica/Exercise 2/moving_turtle/install/moving_turtle/share/colcon-core/packages/moving_turtle)
[2.677s] Level 1:colcon.colcon_core.environment:create_environment_scripts_only(moving_turtle)
[2.677s] Level 1:colcon.colcon_core.environment:checking '/home/arthur/Projects/TopicosEmRobotica/Exercise 2/moving_turtle/install/moving_turtle' for CMake module files
[2.677s] Level 1:colcon.colcon_core.environment:checking '/home/arthur/Projects/TopicosEmRobotica/Exercise 2/moving_turtle/install/moving_turtle' for CMake config files
[2.678s] Level 1:colcon.colcon_core.shell:create_environment_hook('moving_turtle', 'cmake_prefix_path')
[2.678s] INFO:colcon.colcon_core.shell:Creating environment hook '/home/arthur/Projects/TopicosEmRobotica/Exercise 2/moving_turtle/install/moving_turtle/share/moving_turtle/hook/cmake_prefix_path.ps1'
[2.678s] INFO:colcon.colcon_core.shell:Creating environment descriptor '/home/arthur/Projects/TopicosEmRobotica/Exercise 2/moving_turtle/install/moving_turtle/share/moving_turtle/hook/cmake_prefix_path.dsv'
[2.678s] INFO:colcon.colcon_core.shell:Creating environment hook '/home/arthur/Projects/TopicosEmRobotica/Exercise 2/moving_turtle/install/moving_turtle/share/moving_turtle/hook/cmake_prefix_path.sh'
[2.678s] Level 1:colcon.colcon_core.environment:checking '/home/arthur/Projects/TopicosEmRobotica/Exercise 2/moving_turtle/install/moving_turtle/lib'
[2.678s] Level 1:colcon.colcon_core.environment:checking '/home/arthur/Projects/TopicosEmRobotica/Exercise 2/moving_turtle/install/moving_turtle/bin'
[2.679s] Level 1:colcon.colcon_core.environment:checking '/home/arthur/Projects/TopicosEmRobotica/Exercise 2/moving_turtle/install/moving_turtle/lib/pkgconfig/moving_turtle.pc'
[2.679s] Level 1:colcon.colcon_core.environment:checking '/home/arthur/Projects/TopicosEmRobotica/Exercise 2/moving_turtle/install/moving_turtle/lib/python3.10/site-packages'
[2.679s] Level 1:colcon.colcon_core.environment:checking '/home/arthur/Projects/TopicosEmRobotica/Exercise 2/moving_turtle/install/moving_turtle/bin'
[2.679s] INFO:colcon.colcon_core.shell:Creating package script '/home/arthur/Projects/TopicosEmRobotica/Exercise 2/moving_turtle/install/moving_turtle/share/moving_turtle/package.ps1'
[2.679s] INFO:colcon.colcon_core.shell:Creating package descriptor '/home/arthur/Projects/TopicosEmRobotica/Exercise 2/moving_turtle/install/moving_turtle/share/moving_turtle/package.dsv'
[2.680s] INFO:colcon.colcon_core.shell:Creating package script '/home/arthur/Projects/TopicosEmRobotica/Exercise 2/moving_turtle/install/moving_turtle/share/moving_turtle/package.sh'
[2.680s] INFO:colcon.colcon_core.shell:Creating package script '/home/arthur/Projects/TopicosEmRobotica/Exercise 2/moving_turtle/install/moving_turtle/share/moving_turtle/package.bash'
[2.680s] INFO:colcon.colcon_core.shell:Creating package script '/home/arthur/Projects/TopicosEmRobotica/Exercise 2/moving_turtle/install/moving_turtle/share/moving_turtle/package.zsh'
[2.680s] Level 1:colcon.colcon_core.environment:create_file_with_runtime_dependencies(/home/arthur/Projects/TopicosEmRobotica/Exercise 2/moving_turtle/install/moving_turtle/share/colcon-core/packages/moving_turtle)
[2.680s] DEBUG:colcon.colcon_parallel_executor.executor.parallel:closing loop
[2.680s] DEBUG:colcon.colcon_parallel_executor.executor.parallel:loop closed
[2.680s] DEBUG:colcon.colcon_parallel_executor.executor.parallel:run_until_complete finished with '0'
[2.680s] DEBUG:colcon.colcon_core.event_reactor:joining thread
[2.684s] INFO:colcon.colcon_core.plugin_system:Skipping extension 'colcon_notification.desktop_notification.terminal_notifier': Not used on non-Darwin systems
[2.684s] INFO:colcon.colcon_core.plugin_system:Skipping extension 'colcon_notification.desktop_notification.win32': Not used on non-Windows systems
[2.684s] INFO:colcon.colcon_notification.desktop_notification:Sending desktop notification using 'notify2'
[2.695s] DEBUG:colcon.colcon_core.event_reactor:joined thread
[2.695s] INFO:colcon.colcon_core.shell:Creating prefix script '/home/arthur/Projects/TopicosEmRobotica/Exercise 2/moving_turtle/install/local_setup.ps1'
[2.696s] INFO:colcon.colcon_core.shell:Creating prefix util module '/home/arthur/Projects/TopicosEmRobotica/Exercise 2/moving_turtle/install/_local_setup_util_ps1.py'
[2.698s] INFO:colcon.colcon_core.shell:Creating prefix chain script '/home/arthur/Projects/TopicosEmRobotica/Exercise 2/moving_turtle/install/setup.ps1'
[2.699s] INFO:colcon.colcon_core.shell:Creating prefix script '/home/arthur/Projects/TopicosEmRobotica/Exercise 2/moving_turtle/install/local_setup.sh'
[2.700s] INFO:colcon.colcon_core.shell:Creating prefix util module '/home/arthur/Projects/TopicosEmRobotica/Exercise 2/moving_turtle/install/_local_setup_util_sh.py'
[2.701s] INFO:colcon.colcon_core.shell:Creating prefix chain script '/home/arthur/Projects/TopicosEmRobotica/Exercise 2/moving_turtle/install/setup.sh'
[2.701s] INFO:colcon.colcon_core.shell:Creating prefix script '/home/arthur/Projects/TopicosEmRobotica/Exercise 2/moving_turtle/install/local_setup.bash'
[2.702s] INFO:colcon.colcon_core.shell:Creating prefix chain script '/home/arthur/Projects/TopicosEmRobotica/Exercise 2/moving_turtle/install/setup.bash'
[2.703s] INFO:colcon.colcon_core.shell:Creating prefix script '/home/arthur/Projects/TopicosEmRobotica/Exercise 2/moving_turtle/install/local_setup.zsh'
[2.703s] INFO:colcon.colcon_core.shell:Creating prefix chain script '/home/arthur/Projects/TopicosEmRobotica/Exercise 2/moving_turtle/install/setup.zsh'
