[0.056s] DEBUG:colcon:Command line arguments: ['/usr/bin/colcon', 'build', '--cmake-args', '-DCMAKE_EXPORT_COMPILE_COMMANDS=ON']
[0.056s] DEBUG:colcon:Parsed command line arguments: Namespace(log_base=None, log_level=None, verb_name='build', build_base='build', install_base='install', merge_install=False, symlink_install=False, test_result_base=None, continue_on_error=False, executor='parallel', parallel_workers=16, event_handlers=None, ignore_user_meta=False, metas=['./colcon.meta'], base_paths=['.'], packages_ignore=None, packages_ignore_regex=None, paths=None, packages_up_to=None, packages_up_to_regex=None, packages_above=None, packages_above_and_dependencies=None, packages_above_depth=None, packages_select_by_dep=None, packages_skip_by_dep=None, packages_skip_up_to=None, packages_select_build_failed=False, packages_skip_build_finished=False, packages_select_test_failures=False, packages_skip_test_passed=False, packages_select=None, packages_skip=None, packages_select_regex=None, packages_skip_regex=None, packages_start=None, packages_end=None, allow_overriding=[], cmake_args=['-DCMAKE_EXPORT_COMPILE_COMMANDS=ON'], cmake_target=None, cmake_target_skip_unavailable=False, cmake_clean_cache=False, cmake_clean_first=False, cmake_force_configure=False, ament_cmake_args=None, catkin_cmake_args=None, catkin_skip_building_tests=False, mixin_files=None, mixin=None, verb_parser=<colcon_mixin.mixin.mixin_argument.MixinArgumentDecorator object at 0x7ad14d63a890>, verb_extension=<colcon_core.verb.build.BuildVerb object at 0x7ad14d73edd0>, main=<bound method BuildVerb.main of <colcon_core.verb.build.BuildVerb object at 0x7ad14d73edd0>>, mixin_verb=('build',))
[0.136s] Level 1:colcon.colcon_core.package_discovery:discover_packages(colcon_meta) check parameters
[0.136s] Level 1:colcon.colcon_core.package_discovery:discover_packages(recursive) check parameters
[0.136s] Level 1:colcon.colcon_core.package_discovery:discover_packages(ignore) check parameters
[0.136s] Level 1:colcon.colcon_core.package_discovery:discover_packages(path) check parameters
[0.136s] Level 1:colcon.colcon_core.package_discovery:discover_packages(colcon_meta) discover
[0.136s] Level 1:colcon.colcon_core.package_discovery:discover_packages(recursive) discover
[0.136s] INFO:colcon.colcon_core.package_discovery:Crawling recursively for packages in '/home/arthur/Projects/TopicosEmRobotica/Exercise 2/moving_turtle'
[0.136s] Level 1:colcon.colcon_core.package_identification:_identify(.) by extensions ['ignore', 'ignore_ament_install']
[0.136s] Level 1:colcon.colcon_core.package_identification:_identify(.) by extension 'ignore'
[0.136s] Level 1:colcon.colcon_core.package_identification:_identify(.) by extension 'ignore_ament_install'
[0.136s] Level 1:colcon.colcon_core.package_identification:_identify(.) by extensions ['colcon_pkg']
[0.136s] Level 1:colcon.colcon_core.package_identification:_identify(.) by extension 'colcon_pkg'
[0.136s] Level 1:colcon.colcon_core.package_identification:_identify(.) by extensions ['colcon_meta']
[0.136s] Level 1:colcon.colcon_core.package_identification:_identify(.) by extension 'colcon_meta'
[0.136s] Level 1:colcon.colcon_core.package_identification:_identify(.) by extensions ['ros']
[0.136s] Level 1:colcon.colcon_core.package_identification:_identify(.) by extension 'ros'
[0.144s] DEBUG:colcon.colcon_core.package_identification:Package '.' with type 'ros.ament_cmake' and name 'moving_turtle'
[0.144s] Level 1:colcon.colcon_core.package_discovery:discover_packages(recursive) using defaults
[0.144s] Level 1:colcon.colcon_core.package_discovery:discover_packages(ignore) discover
[0.144s] Level 1:colcon.colcon_core.package_discovery:discover_packages(ignore) using defaults
[0.144s] Level 1:colcon.colcon_core.package_discovery:discover_packages(path) discover
[0.144s] Level 1:colcon.colcon_core.package_discovery:discover_packages(path) using defaults
[0.155s] Level 1:colcon.colcon_core.package_discovery:discover_packages(prefix_path) check parameters
[0.155s] Level 1:colcon.colcon_core.package_discovery:discover_packages(prefix_path) discover
[0.156s] DEBUG:colcon.colcon_installed_package_information.package_discovery:Found 270 installed packages in /opt/ros/humble
[0.162s] Level 1:colcon.colcon_core.package_discovery:discover_packages(prefix_path) using defaults
[0.180s] Level 5:colcon.colcon_core.verb:set package 'moving_turtle' build argument 'cmake_args' from command line to '['-DCMAKE_EXPORT_COMPILE_COMMANDS=ON']'
[0.180s] Level 5:colcon.colcon_core.verb:set package 'moving_turtle' build argument 'cmake_target' from command line to 'None'
[0.180s] Level 5:colcon.colcon_core.verb:set package 'moving_turtle' build argument 'cmake_target_skip_unavailable' from command line to 'False'
[0.180s] Level 5:colcon.colcon_core.verb:set package 'moving_turtle' build argument 'cmake_clean_cache' from command line to 'False'
[0.180s] Level 5:colcon.colcon_core.verb:set package 'moving_turtle' build argument 'cmake_clean_first' from command line to 'False'
[0.180s] Level 5:colcon.colcon_core.verb:set package 'moving_turtle' build argument 'cmake_force_configure' from command line to 'False'
[0.180s] Level 5:colcon.colcon_core.verb:set package 'moving_turtle' build argument 'ament_cmake_args' from command line to 'None'
[0.180s] Level 5:colcon.colcon_core.verb:set package 'moving_turtle' build argument 'catkin_cmake_args' from command line to 'None'
[0.180s] Level 5:colcon.colcon_core.verb:set package 'moving_turtle' build argument 'catkin_skip_building_tests' from command line to 'False'
[0.180s] DEBUG:colcon.colcon_core.verb:Building package 'moving_turtle' with the following arguments: {'ament_cmake_args': None, 'build_base': '/home/arthur/Projects/TopicosEmRobotica/Exercise 2/moving_turtle/build/moving_turtle', 'catkin_cmake_args': None, 'catkin_skip_building_tests': False, 'cmake_args': ['-DCMAKE_EXPORT_COMPILE_COMMANDS=ON'], 'cmake_clean_cache': False, 'cmake_clean_first': False, 'cmake_force_configure': False, 'cmake_target': None, 'cmake_target_skip_unavailable': False, 'install_base': '/home/arthur/Projects/TopicosEmRobotica/Exercise 2/moving_turtle/install/moving_turtle', 'merge_install': False, 'path': '/home/arthur/Projects/TopicosEmRobotica/Exercise 2/moving_turtle', 'symlink_install': False, 'test_result_base': None}
[0.180s] INFO:colcon.colcon_core.executor:Executing jobs using 'parallel' executor
[0.181s] DEBUG:colcon.colcon_parallel_executor.executor.parallel:run_until_complete
[0.181s] INFO:colcon.colcon_ros.task.ament_cmake.build:Building ROS package in '/home/arthur/Projects/TopicosEmRobotica/Exercise 2/moving_turtle' with build type 'ament_cmake'
[0.181s] INFO:colcon.colcon_cmake.task.cmake.build:Building CMake package in '/home/arthur/Projects/TopicosEmRobotica/Exercise 2/moving_turtle'
[0.182s] INFO:colcon.colcon_core.plugin_system:Skipping extension 'colcon_core.shell.bat': Not used on non-Windows systems
[0.182s] INFO:colcon.colcon_core.shell:Skip shell extension 'powershell' for command environment: Not usable outside of PowerShell
[0.182s] DEBUG:colcon.colcon_core.shell:Skip shell extension 'dsv' for command environment
[0.188s] DEBUG:colcon.colcon_core.event_handler.log_command:Invoking command in '/home/arthur/Projects/TopicosEmRobotica/Exercise 2/moving_turtle/build/moving_turtle': CMAKE_PREFIX_PATH=/opt/ros/humble /usr/bin/cmake /home/arthur/Projects/TopicosEmRobotica/Exercise 2/moving_turtle -DCMAKE_EXPORT_COMPILE_COMMANDS=ON -DCMAKE_INSTALL_PREFIX=/home/arthur/Projects/TopicosEmRobotica/Exercise 2/moving_turtle/install/moving_turtle
[0.492s] DEBUG:colcon.colcon_core.event_handler.log_command:Invoked command in '/home/arthur/Projects/TopicosEmRobotica/Exercise 2/moving_turtle/build/moving_turtle' returned '0': CMAKE_PREFIX_PATH=/opt/ros/humble /usr/bin/cmake /home/arthur/Projects/TopicosEmRobotica/Exercise 2/moving_turtle -DCMAKE_EXPORT_COMPILE_COMMANDS=ON -DCMAKE_INSTALL_PREFIX=/home/arthur/Projects/TopicosEmRobotica/Exercise 2/moving_turtle/install/moving_turtle
[0.492s] DEBUG:colcon.colcon_core.event_handler.log_command:Invoking command in '/home/arthur/Projects/TopicosEmRobotica/Exercise 2/moving_turtle/build/moving_turtle': CMAKE_PREFIX_PATH=/opt/ros/humble /usr/bin/cmake --build /home/arthur/Projects/TopicosEmRobotica/Exercise 2/moving_turtle/build/moving_turtle -- -j16 -l16
[2.005s] DEBUG:colcon.colcon_core.event_handler.log_command:Invoked command in '/home/arthur/Projects/TopicosEmRobotica/Exercise 2/moving_turtle/build/moving_turtle' returned '2': CMAKE_PREFIX_PATH=/opt/ros/humble /usr/bin/cmake --build /home/arthur/Projects/TopicosEmRobotica/Exercise 2/moving_turtle/build/moving_turtle -- -j16 -l16
[2.028s] Level 1:colcon.colcon_core.environment:create_environment_scripts_only(moving_turtle)
[2.030s] Level 1:colcon.colcon_core.environment:checking '/home/arthur/Projects/TopicosEmRobotica/Exercise 2/moving_turtle/install/moving_turtle' for CMake module files
[2.031s] Level 1:colcon.colcon_core.environment:checking '/home/arthur/Projects/TopicosEmRobotica/Exercise 2/moving_turtle/install/moving_turtle' for CMake config files
[2.031s] Level 1:colcon.colcon_core.shell:create_environment_hook('moving_turtle', 'cmake_prefix_path')
[2.031s] INFO:colcon.colcon_core.shell:Creating environment hook '/home/arthur/Projects/TopicosEmRobotica/Exercise 2/moving_turtle/install/moving_turtle/share/moving_turtle/hook/cmake_prefix_path.ps1'
[2.032s] INFO:colcon.colcon_core.shell:Creating environment descriptor '/home/arthur/Projects/TopicosEmRobotica/Exercise 2/moving_turtle/install/moving_turtle/share/moving_turtle/hook/cmake_prefix_path.dsv'
[2.033s] INFO:colcon.colcon_core.shell:Creating environment hook '/home/arthur/Projects/TopicosEmRobotica/Exercise 2/moving_turtle/install/moving_turtle/share/moving_turtle/hook/cmake_prefix_path.sh'
[2.034s] Level 1:colcon.colcon_core.environment:checking '/home/arthur/Projects/TopicosEmRobotica/Exercise 2/moving_turtle/install/moving_turtle/lib'
[2.035s] Level 1:colcon.colcon_core.environment:checking '/home/arthur/Projects/TopicosEmRobotica/Exercise 2/moving_turtle/install/moving_turtle/bin'
[2.035s] Level 1:colcon.colcon_core.environment:checking '/home/arthur/Projects/TopicosEmRobotica/Exercise 2/moving_turtle/install/moving_turtle/lib/pkgconfig/moving_turtle.pc'
[2.035s] Level 1:colcon.colcon_core.environment:checking '/home/arthur/Projects/TopicosEmRobotica/Exercise 2/moving_turtle/install/moving_turtle/lib/python3.10/site-packages'
[2.036s] Level 1:colcon.colcon_core.environment:checking '/home/arthur/Projects/TopicosEmRobotica/Exercise 2/moving_turtle/install/moving_turtle/bin'
[2.036s] INFO:colcon.colcon_core.shell:Creating package script '/home/arthur/Projects/TopicosEmRobotica/Exercise 2/moving_turtle/install/moving_turtle/share/moving_turtle/package.ps1'
[2.037s] INFO:colcon.colcon_core.shell:Creating package descriptor '/home/arthur/Projects/TopicosEmRobotica/Exercise 2/moving_turtle/install/moving_turtle/share/moving_turtle/package.dsv'
[2.038s] INFO:colcon.colcon_core.shell:Creating package script '/home/arthur/Projects/TopicosEmRobotica/Exercise 2/moving_turtle/install/moving_turtle/share/moving_turtle/package.sh'
[2.039s] INFO:colcon.colcon_core.shell:Creating package script '/home/arthur/Projects/TopicosEmRobotica/Exercise 2/moving_turtle/install/moving_turtle/share/moving_turtle/package.bash'
[2.040s] INFO:colcon.colcon_core.shell:Creating package script '/home/arthur/Projects/TopicosEmRobotica/Exercise 2/moving_turtle/install/moving_turtle/share/moving_turtle/package.zsh'
[2.041s] Level 1:colcon.colcon_core.environment:create_file_with_runtime_dependencies(/home/arthur/Projects/TopicosEmRobotica/Exercise 2/moving_turtle/install/moving_turtle/share/colcon-core/packages/moving_turtle)
[2.051s] DEBUG:colcon.colcon_parallel_executor.executor.parallel:closing loop
[2.052s] DEBUG:colcon.colcon_parallel_executor.executor.parallel:loop closed
[2.052s] DEBUG:colcon.colcon_parallel_executor.executor.parallel:run_until_complete finished with '2'
[2.052s] DEBUG:colcon.colcon_core.event_reactor:joining thread
[2.060s] INFO:colcon.colcon_core.plugin_system:Skipping extension 'colcon_notification.desktop_notification.terminal_notifier': Not used on non-Darwin systems
[2.060s] INFO:colcon.colcon_core.plugin_system:Skipping extension 'colcon_notification.desktop_notification.win32': Not used on non-Windows systems
[2.060s] INFO:colcon.colcon_notification.desktop_notification:Sending desktop notification using 'notify2'
[2.074s] DEBUG:colcon.colcon_core.event_reactor:joined thread
[2.075s] INFO:colcon.colcon_core.shell:Creating prefix script '/home/arthur/Projects/TopicosEmRobotica/Exercise 2/moving_turtle/install/local_setup.ps1'
[2.076s] INFO:colcon.colcon_core.shell:Creating prefix util module '/home/arthur/Projects/TopicosEmRobotica/Exercise 2/moving_turtle/install/_local_setup_util_ps1.py'
[2.078s] INFO:colcon.colcon_core.shell:Creating prefix chain script '/home/arthur/Projects/TopicosEmRobotica/Exercise 2/moving_turtle/install/setup.ps1'
[2.079s] INFO:colcon.colcon_core.shell:Creating prefix script '/home/arthur/Projects/TopicosEmRobotica/Exercise 2/moving_turtle/install/local_setup.sh'
[2.080s] INFO:colcon.colcon_core.shell:Creating prefix util module '/home/arthur/Projects/TopicosEmRobotica/Exercise 2/moving_turtle/install/_local_setup_util_sh.py'
[2.080s] INFO:colcon.colcon_core.shell:Creating prefix chain script '/home/arthur/Projects/TopicosEmRobotica/Exercise 2/moving_turtle/install/setup.sh'
[2.082s] INFO:colcon.colcon_core.shell:Creating prefix script '/home/arthur/Projects/TopicosEmRobotica/Exercise 2/moving_turtle/install/local_setup.bash'
[2.082s] INFO:colcon.colcon_core.shell:Creating prefix chain script '/home/arthur/Projects/TopicosEmRobotica/Exercise 2/moving_turtle/install/setup.bash'
[2.083s] INFO:colcon.colcon_core.shell:Creating prefix script '/home/arthur/Projects/TopicosEmRobotica/Exercise 2/moving_turtle/install/local_setup.zsh'
[2.084s] INFO:colcon.colcon_core.shell:Creating prefix chain script '/home/arthur/Projects/TopicosEmRobotica/Exercise 2/moving_turtle/install/setup.zsh'
