[0.006s] Invoking command in '/home/arthur/Projects/TopicosEmRobotica/Exercise 2/build/moving_turtle': CMAKE_PREFIX_PATH=/opt/ros/humble /usr/bin/cmake /home/arthur/Projects/TopicosEmRobotica/Exercise 2/moving_turtle -DCMAKE_INSTALL_PREFIX=/home/arthur/Projects/TopicosEmRobotica/Exercise 2/install/moving_turtle
[0.013s] -- Found ament_cmake: 1.3.10 (/opt/ros/humble/share/ament_cmake/cmake)
[0.084s] -- Found std_msgs: 4.2.4 (/opt/ros/humble/share/std_msgs/cmake)
[0.097s] -- Found rosidl_generator_c: 3.1.5 (/opt/ros/humble/share/rosidl_generator_c/cmake)
[0.098s] -- Found rosidl_adapter: 3.1.5 (/opt/ros/humble/share/rosidl_adapter/cmake)
[0.101s] -- Found rosidl_generator_cpp: 3.1.5 (/opt/ros/humble/share/rosidl_generator_cpp/cmake)
[0.106s] -- Using all available rosidl_typesupport_c: rosidl_typesupport_fastrtps_c;rosidl_typesupport_introspection_c
[0.113s] -- Using all available rosidl_typesupport_cpp: rosidl_typesupport_fastrtps_cpp;rosidl_typesupport_introspection_cpp
[0.125s] -- Found rclcpp: 16.0.10 (/opt/ros/humble/share/rclcpp/cmake)
[0.139s] -- Found rmw_implementation_cmake: 6.1.2 (/opt/ros/humble/share/rmw_implementation_cmake/cmake)
[0.139s] -- Found rmw_fastrtps_cpp: 6.2.7 (/opt/ros/humble/share/rmw_fastrtps_cpp/cmake)
[0.197s] -- Using RMW implementation 'rmw_fastrtps_cpp' as default
[0.219s] -- Found ament_lint_auto: 0.12.11 (/opt/ros/humble/share/ament_lint_auto/cmake)
[0.257s] -- Added test 'cppcheck' to perform static code analysis on C / C++ code
[0.257s] -- Configured cppcheck include dirs: 
[0.257s] -- Configured cppcheck exclude dirs and/or files: 
[0.257s] -- Added test 'lint_cmake' to check CMake code style
[0.257s] -- Added test 'uncrustify' to check C / C++ code style
[0.257s] -- Configured uncrustify additional arguments: 
[0.257s] -- Added test 'xmllint' to check XML markup files
[0.258s] -- Configuring done
[0.263s] -- Generating done
[0.264s] -- Build files have been written to: /home/arthur/Projects/TopicosEmRobotica/Exercise 2/build/moving_turtle
[0.269s] Invoked command in '/home/arthur/Projects/TopicosEmRobotica/Exercise 2/build/moving_turtle' returned '0': CMAKE_PREFIX_PATH=/opt/ros/humble /usr/bin/cmake /home/arthur/Projects/TopicosEmRobotica/Exercise 2/moving_turtle -DCMAKE_INSTALL_PREFIX=/home/arthur/Projects/TopicosEmRobotica/Exercise 2/install/moving_turtle
[0.269s] Invoking command in '/home/arthur/Projects/TopicosEmRobotica/Exercise 2/build/moving_turtle': CMAKE_PREFIX_PATH=/opt/ros/humble /usr/bin/cmake --build /home/arthur/Projects/TopicosEmRobotica/Exercise 2/build/moving_turtle -- -j16 -l16
[0.315s] [35m[1mConsolidate compiler generated dependencies of target nomeDeSaida[0m
[0.324s] [ 25%] [32mBuilding CXX object CMakeFiles/noQueEnviaString.dir/src/example.cpp.o[0m
[0.330s] [ 50%] [32mBuilding CXX object CMakeFiles/nomeDeSaida.dir/src/simplePublisher.cpp.o[0m
[1.518s] In file included from [01m[K/opt/ros/humble/include/rclcpp/rclcpp/logging.hpp:24[m[K,
[1.518s]                  from [01m[K/opt/ros/humble/include/rclcpp/rclcpp/client.hpp:40[m[K,
[1.518s]                  from [01m[K/opt/ros/humble/include/rclcpp/rclcpp/callback_group.hpp:24[m[K,
[1.518s]                  from [01m[K/opt/ros/humble/include/rclcpp/rclcpp/any_executable.hpp:20[m[K,
[1.518s]                  from [01m[K/opt/ros/humble/include/rclcpp/rclcpp/memory_strategy.hpp:25[m[K,
[1.518s]                  from [01m[K/opt/ros/humble/include/rclcpp/rclcpp/memory_strategies.hpp:18[m[K,
[1.518s]                  from [01m[K/opt/ros/humble/include/rclcpp/rclcpp/executor_options.hpp:20[m[K,
[1.518s]                  from [01m[K/opt/ros/humble/include/rclcpp/rclcpp/executor.hpp:37[m[K,
[1.518s]                  from [01m[K/opt/ros/humble/include/rclcpp/rclcpp/executors/multi_threaded_executor.hpp:25[m[K,
[1.518s]                  from [01m[K/opt/ros/humble/include/rclcpp/rclcpp/executors.hpp:21[m[K,
[1.518s]                  from [01m[K/opt/ros/humble/include/rclcpp/rclcpp/rclcpp.hpp:155[m[K,
[1.518s]                  from [01m[K/home/arthur/Projects/TopicosEmRobotica/Exercise 2/moving_turtle/src/example.cpp:3[m[K:
[1.518s] [01m[K/home/arthur/Projects/TopicosEmRobotica/Exercise 2/moving_turtle/src/example.cpp:[m[K In member function ‘[01m[Kvoid StringNode::sendMessage()[m[K’:
[1.518s] [01m[K/home/arthur/Projects/TopicosEmRobotica/Exercise 2/moving_turtle/src/example.cpp:25:37:[m[K [01;35m[Kwarning: [m[Ktoo many arguments for format [[01;35m[K]8;;https://gcc.gnu.org/onlinedocs/gcc/Warning-Options.html#index-Wformat-extra-args-Wformat-extra-args]8;;[m[K]
[1.518s]    25 |     RCLCPP_INFO(this->get_logger(), [01;35m[K"Publishing in logger"[m[K,
[1.518s]       |                                     [01;35m[K^~~~~~~~~~~~~~~~~~~~~~[m[K
[2.604s] [ 75%] [32m[1mLinking CXX executable noQueEnviaString[0m
[2.631s] [100%] [32m[1mLinking CXX executable nomeDeSaida[0m
[2.718s] [100%] Built target noQueEnviaString
[2.741s] [100%] Built target nomeDeSaida
[2.751s] Invoked command in '/home/arthur/Projects/TopicosEmRobotica/Exercise 2/build/moving_turtle' returned '0': CMAKE_PREFIX_PATH=/opt/ros/humble /usr/bin/cmake --build /home/arthur/Projects/TopicosEmRobotica/Exercise 2/build/moving_turtle -- -j16 -l16
[2.779s] Invoking command in '/home/arthur/Projects/TopicosEmRobotica/Exercise 2/build/moving_turtle': CMAKE_PREFIX_PATH=/opt/ros/humble /usr/bin/cmake --install /home/arthur/Projects/TopicosEmRobotica/Exercise 2/build/moving_turtle
[2.784s] -- Install configuration: ""
[2.784s] -- Installing: /home/arthur/Projects/TopicosEmRobotica/Exercise 2/install/moving_turtle/lib/moving_turtle/nomeDeSaida
[2.784s] -- Set runtime path of "/home/arthur/Projects/TopicosEmRobotica/Exercise 2/install/moving_turtle/lib/moving_turtle/nomeDeSaida" to ""
[2.784s] -- Up-to-date: /home/arthur/Projects/TopicosEmRobotica/Exercise 2/install/moving_turtle/share/ament_index/resource_index/package_run_dependencies/moving_turtle
[2.784s] -- Up-to-date: /home/arthur/Projects/TopicosEmRobotica/Exercise 2/install/moving_turtle/share/ament_index/resource_index/parent_prefix_path/moving_turtle
[2.784s] -- Up-to-date: /home/arthur/Projects/TopicosEmRobotica/Exercise 2/install/moving_turtle/share/moving_turtle/environment/ament_prefix_path.sh
[2.785s] -- Installing: /home/arthur/Projects/TopicosEmRobotica/Exercise 2/install/moving_turtle/share/moving_turtle/environment/ament_prefix_path.dsv
[2.785s] -- Up-to-date: /home/arthur/Projects/TopicosEmRobotica/Exercise 2/install/moving_turtle/share/moving_turtle/environment/path.sh
[2.785s] -- Installing: /home/arthur/Projects/TopicosEmRobotica/Exercise 2/install/moving_turtle/share/moving_turtle/environment/path.dsv
[2.785s] -- Up-to-date: /home/arthur/Projects/TopicosEmRobotica/Exercise 2/install/moving_turtle/share/moving_turtle/local_setup.bash
[2.785s] -- Up-to-date: /home/arthur/Projects/TopicosEmRobotica/Exercise 2/install/moving_turtle/share/moving_turtle/local_setup.sh
[2.785s] -- Up-to-date: /home/arthur/Projects/TopicosEmRobotica/Exercise 2/install/moving_turtle/share/moving_turtle/local_setup.zsh
[2.785s] -- Installing: /home/arthur/Projects/TopicosEmRobotica/Exercise 2/install/moving_turtle/share/moving_turtle/local_setup.dsv
[2.785s] -- Installing: /home/arthur/Projects/TopicosEmRobotica/Exercise 2/install/moving_turtle/share/moving_turtle/package.dsv
[2.785s] -- Up-to-date: /home/arthur/Projects/TopicosEmRobotica/Exercise 2/install/moving_turtle/share/ament_index/resource_index/packages/moving_turtle
[2.785s] -- Up-to-date: /home/arthur/Projects/TopicosEmRobotica/Exercise 2/install/moving_turtle/share/moving_turtle/cmake/moving_turtleConfig.cmake
[2.785s] -- Up-to-date: /home/arthur/Projects/TopicosEmRobotica/Exercise 2/install/moving_turtle/share/moving_turtle/cmake/moving_turtleConfig-version.cmake
[2.785s] -- Up-to-date: /home/arthur/Projects/TopicosEmRobotica/Exercise 2/install/moving_turtle/share/moving_turtle/package.xml
[2.786s] Invoked command in '/home/arthur/Projects/TopicosEmRobotica/Exercise 2/build/moving_turtle' returned '0': CMAKE_PREFIX_PATH=/opt/ros/humble /usr/bin/cmake --install /home/arthur/Projects/TopicosEmRobotica/Exercise 2/build/moving_turtle
