[0.005s] Invoking command in '/home/arthur/Projects/TopicosEmRobotica/Exercise 2/moving_turtle/build/moving_turtle': CMAKE_PREFIX_PATH=/opt/ros/humble /usr/bin/cmake /home/arthur/Projects/TopicosEmRobotica/Exercise 2/moving_turtle -DCMAKE_INSTALL_PREFIX=/home/arthur/Projects/TopicosEmRobotica/Exercise 2/moving_turtle/install/moving_turtle
[0.123s] -- The C compiler identification is GNU 11.4.0
[0.179s] -- The CXX compiler identification is GNU 11.4.0
[0.187s] -- Detecting C compiler ABI info
[0.261s] -- Detecting C compiler ABI info - done
[0.267s] -- Check for working C compiler: /usr/bin/cc - skipped
[0.268s] -- Detecting C compile features
[0.268s] -- Detecting C compile features - done
[0.271s] -- Detecting CXX compiler ABI info
[0.356s] -- Detecting CXX compiler ABI info - done
[0.362s] -- Check for working CXX compiler: /usr/bin/c++ - skipped
[0.362s] -- Detecting CXX compile features
[0.363s] -- Detecting CXX compile features - done
[0.365s] -- Found ament_cmake: 1.3.10 (/opt/ros/humble/share/ament_cmake/cmake)
[0.469s] -- Found Python3: /usr/bin/python3 (found version "3.10.12") found components: Interpreter 
[0.537s] -- Found std_msgs: 4.2.4 (/opt/ros/humble/share/std_msgs/cmake)
[0.570s] -- Found rosidl_generator_c: 3.1.5 (/opt/ros/humble/share/rosidl_generator_c/cmake)
[0.574s] -- Found rosidl_adapter: 3.1.5 (/opt/ros/humble/share/rosidl_adapter/cmake)
[0.579s] -- Found rosidl_generator_cpp: 3.1.5 (/opt/ros/humble/share/rosidl_generator_cpp/cmake)
[0.588s] -- Using all available rosidl_typesupport_c: rosidl_typesupport_fastrtps_c;rosidl_typesupport_introspection_c
[0.598s] -- Using all available rosidl_typesupport_cpp: rosidl_typesupport_fastrtps_cpp;rosidl_typesupport_introspection_cpp
[0.616s] -- Found rclcpp: 16.0.10 (/opt/ros/humble/share/rclcpp/cmake)
[0.639s] -- Found rmw_implementation_cmake: 6.1.2 (/opt/ros/humble/share/rmw_implementation_cmake/cmake)
[0.641s] -- Found rmw_fastrtps_cpp: 6.2.7 (/opt/ros/humble/share/rmw_fastrtps_cpp/cmake)
[0.719s] -- Found OpenSSL: /usr/lib/x86_64-linux-gnu/libcrypto.so (found version "3.0.2")  
[0.743s] -- Found FastRTPS: /opt/ros/humble/include  
[0.766s] -- Using RMW implementation 'rmw_fastrtps_cpp' as default
[0.771s] -- Looking for pthread.h
[0.845s] -- Looking for pthread.h - found
[0.845s] -- Performing Test CMAKE_HAVE_LIBC_PTHREAD
[0.934s] -- Performing Test CMAKE_HAVE_LIBC_PTHREAD - Success
[0.935s] -- Found Threads: TRUE  
[0.965s] [31mCMake Error at CMakeLists.txt:22 (install):
[0.965s]   install TARGETS given target "nomeDeSaida" which does not exist.
[0.965s] 
[0.965s] [0m
[0.965s] -- Found ament_lint_auto: 0.12.11 (/opt/ros/humble/share/ament_lint_auto/cmake)
[1.020s] -- Added test 'cppcheck' to perform static code analysis on C / C++ code
[1.020s] -- Configured cppcheck include dirs: 
[1.020s] -- Configured cppcheck exclude dirs and/or files: 
[1.022s] -- Added test 'lint_cmake' to check CMake code style
[1.024s] -- Added test 'uncrustify' to check C / C++ code style
[1.024s] -- Configured uncrustify additional arguments: 
[1.025s] -- Added test 'xmllint' to check XML markup files
[1.025s] -- Configuring incomplete, errors occurred!
[1.026s] See also "/home/arthur/Projects/TopicosEmRobotica/Exercise 2/moving_turtle/build/moving_turtle/CMakeFiles/CMakeOutput.log".
[1.031s] Invoked command in '/home/arthur/Projects/TopicosEmRobotica/Exercise 2/moving_turtle/build/moving_turtle' returned '1': CMAKE_PREFIX_PATH=/opt/ros/humble /usr/bin/cmake /home/arthur/Projects/TopicosEmRobotica/Exercise 2/moving_turtle -DCMAKE_INSTALL_PREFIX=/home/arthur/Projects/TopicosEmRobotica/Exercise 2/moving_turtle/install/moving_turtle
