[0.008s] Invoking command in '/home/arthur/Projects/TopicosEmRobotica/Exercise 2/build/moving_turtle': CMAKE_PREFIX_PATH=${CMAKE_PREFIX_PATH}:/opt/ros/humble /usr/bin/cmake --build /home/arthur/Projects/TopicosEmRobotica/Exercise 2/build/moving_turtle -- -j16 -l16
[0.026s] -- Found ament_cmake: 1.3.10 (/opt/ros/humble/share/ament_cmake/cmake)
[0.102s] -- Found std_msgs: 4.2.4 (/opt/ros/humble/share/std_msgs/cmake)
[0.115s] -- Found rosidl_generator_c: 3.1.5 (/opt/ros/humble/share/rosidl_generator_c/cmake)
[0.116s] -- Found rosidl_adapter: 3.1.5 (/opt/ros/humble/share/rosidl_adapter/cmake)
[0.119s] -- Found rosidl_generator_cpp: 3.1.5 (/opt/ros/humble/share/rosidl_generator_cpp/cmake)
[0.124s] -- Using all available rosidl_typesupport_c: rosidl_typesupport_fastrtps_c;rosidl_typesupport_introspection_c
[0.131s] -- Using all available rosidl_typesupport_cpp: rosidl_typesupport_fastrtps_cpp;rosidl_typesupport_introspection_cpp
[0.143s] -- Found rclcpp: 16.0.10 (/opt/ros/humble/share/rclcpp/cmake)
[0.156s] -- Found rmw_implementation_cmake: 6.1.2 (/opt/ros/humble/share/rmw_implementation_cmake/cmake)
[0.157s] -- Found rmw_fastrtps_cpp: 6.2.7 (/opt/ros/humble/share/rmw_fastrtps_cpp/cmake)
[0.218s] -- Using RMW implementation 'rmw_fastrtps_cpp' as default
[0.248s] -- Found ament_lint_auto: 0.12.11 (/opt/ros/humble/share/ament_lint_auto/cmake)
[0.288s] -- Added test 'cppcheck' to perform static code analysis on C / C++ code
[0.288s] -- Configured cppcheck include dirs: 
[0.288s] -- Configured cppcheck exclude dirs and/or files: 
[0.288s] -- Added test 'flake8' to check Python code syntax and style conventions
[0.288s] -- Added test 'lint_cmake' to check CMake code style
[0.288s] -- Added test 'pep257' to check Python code against some of the docstring style conventions in PEP 257
[0.289s] -- Added test 'uncrustify' to check C / C++ code style
[0.290s] -- Configured uncrustify additional arguments: 
[0.290s] -- Added test 'xmllint' to check XML markup files
[0.290s] -- Configuring done
[0.295s] -- Generating done
[0.296s] -- Build files have been written to: /home/arthur/Projects/TopicosEmRobotica/Exercise 2/build/moving_turtle
[0.319s] [35m[1mConsolidate compiler generated dependencies of target noQueEnviaString[0m
[0.319s] [35m[1mConsolidate compiler generated dependencies of target nomeDeSaida[0m
[0.333s] [ 25%] [32m[1mLinking CXX executable noQueEnviaString[0m
[0.337s] [ 75%] Built target nomeDeSaida
[0.448s] [100%] Built target noQueEnviaString
[0.458s] Invoked command in '/home/arthur/Projects/TopicosEmRobotica/Exercise 2/build/moving_turtle' returned '0': CMAKE_PREFIX_PATH=${CMAKE_PREFIX_PATH}:/opt/ros/humble /usr/bin/cmake --build /home/arthur/Projects/TopicosEmRobotica/Exercise 2/build/moving_turtle -- -j16 -l16
[0.495s] Invoking command in '/home/arthur/Projects/TopicosEmRobotica/Exercise 2/build/moving_turtle': CMAKE_PREFIX_PATH=${CMAKE_PREFIX_PATH}:/opt/ros/humble /usr/bin/cmake --install /home/arthur/Projects/TopicosEmRobotica/Exercise 2/build/moving_turtle
[0.503s] -- Install configuration: ""
[0.503s] -- Up-to-date: /home/arthur/Projects/TopicosEmRobotica/Exercise 2/install/moving_turtle/lib/moving_turtle/nomeDeSaida
[0.504s] -- Installing: /home/arthur/Projects/TopicosEmRobotica/Exercise 2/install/moving_turtle/lib/moving_turtle/noQueEnviaString
[0.505s] -- Set runtime path of "/home/arthur/Projects/TopicosEmRobotica/Exercise 2/install/moving_turtle/lib/moving_turtle/noQueEnviaString" to ""
[0.505s] -- Up-to-date: /home/arthur/Projects/TopicosEmRobotica/Exercise 2/install/moving_turtle/share/ament_index/resource_index/package_run_dependencies/moving_turtle
[0.505s] -- Installing: /home/arthur/Projects/TopicosEmRobotica/Exercise 2/install/moving_turtle/share/ament_index/resource_index/parent_prefix_path/moving_turtle
[0.505s] -- Up-to-date: /home/arthur/Projects/TopicosEmRobotica/Exercise 2/install/moving_turtle/share/moving_turtle/environment/ament_prefix_path.sh
[0.505s] -- Installing: /home/arthur/Projects/TopicosEmRobotica/Exercise 2/install/moving_turtle/share/moving_turtle/environment/ament_prefix_path.dsv
[0.505s] -- Up-to-date: /home/arthur/Projects/TopicosEmRobotica/Exercise 2/install/moving_turtle/share/moving_turtle/environment/path.sh
[0.505s] -- Installing: /home/arthur/Projects/TopicosEmRobotica/Exercise 2/install/moving_turtle/share/moving_turtle/environment/path.dsv
[0.505s] -- Up-to-date: /home/arthur/Projects/TopicosEmRobotica/Exercise 2/install/moving_turtle/share/moving_turtle/local_setup.bash
[0.505s] -- Up-to-date: /home/arthur/Projects/TopicosEmRobotica/Exercise 2/install/moving_turtle/share/moving_turtle/local_setup.sh
[0.505s] -- Up-to-date: /home/arthur/Projects/TopicosEmRobotica/Exercise 2/install/moving_turtle/share/moving_turtle/local_setup.zsh
[0.505s] -- Installing: /home/arthur/Projects/TopicosEmRobotica/Exercise 2/install/moving_turtle/share/moving_turtle/local_setup.dsv
[0.505s] -- Installing: /home/arthur/Projects/TopicosEmRobotica/Exercise 2/install/moving_turtle/share/moving_turtle/package.dsv
[0.505s] -- Up-to-date: /home/arthur/Projects/TopicosEmRobotica/Exercise 2/install/moving_turtle/share/ament_index/resource_index/packages/moving_turtle
[0.506s] -- Up-to-date: /home/arthur/Projects/TopicosEmRobotica/Exercise 2/install/moving_turtle/share/moving_turtle/cmake/moving_turtleConfig.cmake
[0.506s] -- Up-to-date: /home/arthur/Projects/TopicosEmRobotica/Exercise 2/install/moving_turtle/share/moving_turtle/cmake/moving_turtleConfig-version.cmake
[0.506s] -- Up-to-date: /home/arthur/Projects/TopicosEmRobotica/Exercise 2/install/moving_turtle/share/moving_turtle/package.xml
[0.507s] Invoked command in '/home/arthur/Projects/TopicosEmRobotica/Exercise 2/build/moving_turtle' returned '0': CMAKE_PREFIX_PATH=${CMAKE_PREFIX_PATH}:/opt/ros/humble /usr/bin/cmake --install /home/arthur/Projects/TopicosEmRobotica/Exercise 2/build/moving_turtle
