[0.006s] Invoking command in '/home/arthur/Projects/TopicosEmRobotica/Exercise 2/moving_turtle/build/moving_turtle': CMAKE_PREFIX_PATH=/opt/ros/humble /usr/bin/cmake /home/arthur/Projects/TopicosEmRobotica/Exercise 2/moving_turtle -DCMAKE_INSTALL_PREFIX=/home/arthur/Projects/TopicosEmRobotica/Exercise 2/moving_turtle/install/moving_turtle
[0.014s] -- Found ament_cmake: 1.3.10 (/opt/ros/humble/share/ament_cmake/cmake)
[0.103s] -- Found std_msgs: 4.2.4 (/opt/ros/humble/share/std_msgs/cmake)
[0.117s] -- Found rosidl_generator_c: 3.1.5 (/opt/ros/humble/share/rosidl_generator_c/cmake)
[0.118s] -- Found rosidl_adapter: 3.1.5 (/opt/ros/humble/share/rosidl_adapter/cmake)
[0.121s] -- Found rosidl_generator_cpp: 3.1.5 (/opt/ros/humble/share/rosidl_generator_cpp/cmake)
[0.127s] -- Using all available rosidl_typesupport_c: rosidl_typesupport_fastrtps_c;rosidl_typesupport_introspection_c
[0.133s] -- Using all available rosidl_typesupport_cpp: rosidl_typesupport_fastrtps_cpp;rosidl_typesupport_introspection_cpp
[0.145s] -- Found rclcpp: 16.0.10 (/opt/ros/humble/share/rclcpp/cmake)
[0.159s] -- Found rmw_implementation_cmake: 6.1.2 (/opt/ros/humble/share/rmw_implementation_cmake/cmake)
[0.159s] -- Found rmw_fastrtps_cpp: 6.2.7 (/opt/ros/humble/share/rmw_fastrtps_cpp/cmake)
[0.233s] -- Using RMW implementation 'rmw_fastrtps_cpp' as default
[0.256s] -- Found ament_lint_auto: 0.12.11 (/opt/ros/humble/share/ament_lint_auto/cmake)
[0.295s] -- Added test 'cppcheck' to perform static code analysis on C / C++ code
[0.295s] -- Configured cppcheck include dirs: 
[0.296s] -- Configured cppcheck exclude dirs and/or files: 
[0.296s] -- Added test 'flake8' to check Python code syntax and style conventions
[0.297s] -- Added test 'lint_cmake' to check CMake code style
[0.297s] -- Added test 'pep257' to check Python code against some of the docstring style conventions in PEP 257
[0.299s] -- Added test 'uncrustify' to check C / C++ code style
[0.299s] -- Configured uncrustify additional arguments: 
[0.299s] -- Added test 'xmllint' to check XML markup files
[0.300s] -- Configuring done
[0.304s] -- Generating done
[0.305s] -- Build files have been written to: /home/arthur/Projects/TopicosEmRobotica/Exercise 2/moving_turtle/build/moving_turtle
[0.310s] Invoked command in '/home/arthur/Projects/TopicosEmRobotica/Exercise 2/moving_turtle/build/moving_turtle' returned '0': CMAKE_PREFIX_PATH=/opt/ros/humble /usr/bin/cmake /home/arthur/Projects/TopicosEmRobotica/Exercise 2/moving_turtle -DCMAKE_INSTALL_PREFIX=/home/arthur/Projects/TopicosEmRobotica/Exercise 2/moving_turtle/install/moving_turtle
[0.311s] Invoking command in '/home/arthur/Projects/TopicosEmRobotica/Exercise 2/moving_turtle/build/moving_turtle': CMAKE_PREFIX_PATH=/opt/ros/humble /usr/bin/cmake --build /home/arthur/Projects/TopicosEmRobotica/Exercise 2/moving_turtle/build/moving_turtle -- -j16 -l16
[0.362s] [ 50%] [32mBuilding CXX object CMakeFiles/noQueEnviaString.dir/src/example.cpp.o[0m
[2.585s] [100%] [32m[1mLinking CXX executable noQueEnviaString[0m
[2.692s] [100%] Built target noQueEnviaString
[2.702s] Invoked command in '/home/arthur/Projects/TopicosEmRobotica/Exercise 2/moving_turtle/build/moving_turtle' returned '0': CMAKE_PREFIX_PATH=/opt/ros/humble /usr/bin/cmake --build /home/arthur/Projects/TopicosEmRobotica/Exercise 2/moving_turtle/build/moving_turtle -- -j16 -l16
[2.742s] Invoking command in '/home/arthur/Projects/TopicosEmRobotica/Exercise 2/moving_turtle/build/moving_turtle': CMAKE_PREFIX_PATH=/opt/ros/humble /usr/bin/cmake --install /home/arthur/Projects/TopicosEmRobotica/Exercise 2/moving_turtle/build/moving_turtle
[2.750s] -- Install configuration: ""
[2.750s] -- Installing: /home/arthur/Projects/TopicosEmRobotica/Exercise 2/moving_turtle/install/moving_turtle/lib/moving_turtle/noQueEnviaString
[2.751s] -- Set runtime path of "/home/arthur/Projects/TopicosEmRobotica/Exercise 2/moving_turtle/install/moving_turtle/lib/moving_turtle/noQueEnviaString" to ""
[2.752s] -- Installing: /home/arthur/Projects/TopicosEmRobotica/Exercise 2/moving_turtle/install/moving_turtle/share/ament_index/resource_index/package_run_dependencies/moving_turtle
[2.752s] -- Installing: /home/arthur/Projects/TopicosEmRobotica/Exercise 2/moving_turtle/install/moving_turtle/share/ament_index/resource_index/parent_prefix_path/moving_turtle
[2.752s] -- Installing: /home/arthur/Projects/TopicosEmRobotica/Exercise 2/moving_turtle/install/moving_turtle/share/moving_turtle/environment/ament_prefix_path.sh
[2.752s] -- Installing: /home/arthur/Projects/TopicosEmRobotica/Exercise 2/moving_turtle/install/moving_turtle/share/moving_turtle/environment/ament_prefix_path.dsv
[2.752s] -- Installing: /home/arthur/Projects/TopicosEmRobotica/Exercise 2/moving_turtle/install/moving_turtle/share/moving_turtle/environment/path.sh
[2.752s] -- Installing: /home/arthur/Projects/TopicosEmRobotica/Exercise 2/moving_turtle/install/moving_turtle/share/moving_turtle/environment/path.dsv
[2.752s] -- Installing: /home/arthur/Projects/TopicosEmRobotica/Exercise 2/moving_turtle/install/moving_turtle/share/moving_turtle/local_setup.bash
[2.752s] -- Installing: /home/arthur/Projects/TopicosEmRobotica/Exercise 2/moving_turtle/install/moving_turtle/share/moving_turtle/local_setup.sh
[2.752s] -- Installing: /home/arthur/Projects/TopicosEmRobotica/Exercise 2/moving_turtle/install/moving_turtle/share/moving_turtle/local_setup.zsh
[2.752s] -- Installing: /home/arthur/Projects/TopicosEmRobotica/Exercise 2/moving_turtle/install/moving_turtle/share/moving_turtle/local_setup.dsv
[2.752s] -- Installing: /home/arthur/Projects/TopicosEmRobotica/Exercise 2/moving_turtle/install/moving_turtle/share/moving_turtle/package.dsv
[2.752s] -- Installing: /home/arthur/Projects/TopicosEmRobotica/Exercise 2/moving_turtle/install/moving_turtle/share/ament_index/resource_index/packages/moving_turtle
[2.753s] -- Installing: /home/arthur/Projects/TopicosEmRobotica/Exercise 2/moving_turtle/install/moving_turtle/share/moving_turtle/cmake/moving_turtleConfig.cmake
[2.753s] -- Installing: /home/arthur/Projects/TopicosEmRobotica/Exercise 2/moving_turtle/install/moving_turtle/share/moving_turtle/cmake/moving_turtleConfig-version.cmake
[2.753s] -- Installing: /home/arthur/Projects/TopicosEmRobotica/Exercise 2/moving_turtle/install/moving_turtle/share/moving_turtle/package.xml
[2.755s] Invoked command in '/home/arthur/Projects/TopicosEmRobotica/Exercise 2/moving_turtle/build/moving_turtle' returned '0': CMAKE_PREFIX_PATH=/opt/ros/humble /usr/bin/cmake --install /home/arthur/Projects/TopicosEmRobotica/Exercise 2/moving_turtle/build/moving_turtle
