[0.006s] Invoking command in '/home/arthur/Projects/TopicosEmRobotica/Exercise 2/build/moving_turtle': CMAKE_PREFIX_PATH=${CMAKE_PREFIX_PATH}:/opt/ros/humble /usr/bin/cmake --build /home/arthur/Projects/TopicosEmRobotica/Exercise 2/build/moving_turtle -- -j16 -l16
[0.040s] [35m[1mConsolidate compiler generated dependencies of target noQueEnviaMovimento[0m
[0.056s] [ 75%] Built target noQueEnviaString
[0.056s] [ 75%] [32mBuilding CXX object CMakeFiles/noQueEnviaMovimento.dir/src/moving_turtle.cpp.o[0m
[2.281s] [100%] [32m[1mLinking CXX executable noQueEnviaMovimento[0m
[2.390s] [100%] Built target noQueEnviaMovimento
[2.399s] Invoked command in '/home/arthur/Projects/TopicosEmRobotica/Exercise 2/build/moving_turtle' returned '0': CMAKE_PREFIX_PATH=${CMAKE_PREFIX_PATH}:/opt/ros/humble /usr/bin/cmake --build /home/arthur/Projects/TopicosEmRobotica/Exercise 2/build/moving_turtle -- -j16 -l16
[2.447s] Invoking command in '/home/arthur/Projects/TopicosEmRobotica/Exercise 2/build/moving_turtle': CMAKE_PREFIX_PATH=${CMAKE_PREFIX_PATH}:/opt/ros/humble /usr/bin/cmake --install /home/arthur/Projects/TopicosEmRobotica/Exercise 2/build/moving_turtle
[2.457s] -- Install configuration: ""
[2.457s] -- Up-to-date: /home/arthur/Projects/TopicosEmRobotica/Exercise 2/install/moving_turtle/lib/moving_turtle/noQueEnviaString
[2.458s] -- Installing: /home/arthur/Projects/TopicosEmRobotica/Exercise 2/install/moving_turtle/lib/moving_turtle/noQueEnviaMovimento
[2.459s] -- Set runtime path of "/home/arthur/Projects/TopicosEmRobotica/Exercise 2/install/moving_turtle/lib/moving_turtle/noQueEnviaMovimento" to ""
[2.459s] -- Up-to-date: /home/arthur/Projects/TopicosEmRobotica/Exercise 2/install/moving_turtle/share/ament_index/resource_index/package_run_dependencies/moving_turtle
[2.459s] -- Up-to-date: /home/arthur/Projects/TopicosEmRobotica/Exercise 2/install/moving_turtle/share/ament_index/resource_index/parent_prefix_path/moving_turtle
[2.459s] -- Up-to-date: /home/arthur/Projects/TopicosEmRobotica/Exercise 2/install/moving_turtle/share/moving_turtle/environment/ament_prefix_path.sh
[2.460s] -- Up-to-date: /home/arthur/Projects/TopicosEmRobotica/Exercise 2/install/moving_turtle/share/moving_turtle/environment/ament_prefix_path.dsv
[2.460s] -- Up-to-date: /home/arthur/Projects/TopicosEmRobotica/Exercise 2/install/moving_turtle/share/moving_turtle/environment/path.sh
[2.460s] -- Up-to-date: /home/arthur/Projects/TopicosEmRobotica/Exercise 2/install/moving_turtle/share/moving_turtle/environment/path.dsv
[2.460s] -- Up-to-date: /home/arthur/Projects/TopicosEmRobotica/Exercise 2/install/moving_turtle/share/moving_turtle/local_setup.bash
[2.460s] -- Up-to-date: /home/arthur/Projects/TopicosEmRobotica/Exercise 2/install/moving_turtle/share/moving_turtle/local_setup.sh
[2.460s] -- Up-to-date: /home/arthur/Projects/TopicosEmRobotica/Exercise 2/install/moving_turtle/share/moving_turtle/local_setup.zsh
[2.460s] -- Up-to-date: /home/arthur/Projects/TopicosEmRobotica/Exercise 2/install/moving_turtle/share/moving_turtle/local_setup.dsv
[2.460s] -- Installing: /home/arthur/Projects/TopicosEmRobotica/Exercise 2/install/moving_turtle/share/moving_turtle/package.dsv
[2.460s] -- Up-to-date: /home/arthur/Projects/TopicosEmRobotica/Exercise 2/install/moving_turtle/share/ament_index/resource_index/packages/moving_turtle
[2.460s] -- Up-to-date: /home/arthur/Projects/TopicosEmRobotica/Exercise 2/install/moving_turtle/share/moving_turtle/cmake/moving_turtleConfig.cmake
[2.460s] -- Up-to-date: /home/arthur/Projects/TopicosEmRobotica/Exercise 2/install/moving_turtle/share/moving_turtle/cmake/moving_turtleConfig-version.cmake
[2.461s] -- Up-to-date: /home/arthur/Projects/TopicosEmRobotica/Exercise 2/install/moving_turtle/share/moving_turtle/package.xml
[2.462s] Invoked command in '/home/arthur/Projects/TopicosEmRobotica/Exercise 2/build/moving_turtle' returned '0': CMAKE_PREFIX_PATH=${CMAKE_PREFIX_PATH}:/opt/ros/humble /usr/bin/cmake --install /home/arthur/Projects/TopicosEmRobotica/Exercise 2/build/moving_turtle
